<?xml version="1.0" encoding="UTF-8"?>
<!-- Generated by org.testng.reporters.JUnitXMLReporter -->
<testsuite hostname="Ericas-MacBook-Pro.local" name="Surefire test" tests="29" failures="0" timestamp="14 Dec 2017 14:40:24 GMT" time="0.382" errors="0">
  <testcase name="testPlusMinusZero on testPlusMinusZero(com.project.maven.scientificCalculator.AdvancedCalculatorTest)" time="0.008" classname="com.project.maven.scientificCalculator.AdvancedCalculatorTest"/>
  <testcase name="testSinHPositive on testSinHPositive(com.project.maven.scientificCalculator.AdvancedCalculatorTest)" time="0.03" classname="com.project.maven.scientificCalculator.AdvancedCalculatorTest"/>
  <testcase name="testSquareRootZero on testSquareRootZero(com.project.maven.scientificCalculator.AdvancedCalculatorTest)" time="0.001" classname="com.project.maven.scientificCalculator.AdvancedCalculatorTest"/>
  <testcase name="testSquareRootPositive on testSquareRootPositive(com.project.maven.scientificCalculator.AdvancedCalculatorTest)" time="0.016" classname="com.project.maven.scientificCalculator.AdvancedCalculatorTest"/>
  <testcase name="testSquareRootNegative on testSquareRootNegative(com.project.maven.scientificCalculator.AdvancedCalculatorTest)" time="0.014" classname="com.project.maven.scientificCalculator.AdvancedCalculatorTest"/>
  <testcase name="testPiPositive on testPiPositive(com.project.maven.scientificCalculator.AdvancedCalculatorTest)" time="0.011" classname="com.project.maven.scientificCalculator.AdvancedCalculatorTest"/>
  <testcase name="testPiNegative on testPiNegative(com.project.maven.scientificCalculator.AdvancedCalculatorTest)" time="0.018" classname="com.project.maven.scientificCalculator.AdvancedCalculatorTest"/>
  <testcase name="testPlusMinusNegative on testPlusMinusNegative(com.project.maven.scientificCalculator.AdvancedCalculatorTest)" time="0.009" classname="com.project.maven.scientificCalculator.AdvancedCalculatorTest"/>
  <testcase name="testSinPositive on testSinPositive(com.project.maven.scientificCalculator.AdvancedCalculatorTest)" time="0.015" classname="com.project.maven.scientificCalculator.AdvancedCalculatorTest"/>
  <testcase name="testSinNegative on testSinNegative(com.project.maven.scientificCalculator.AdvancedCalculatorTest)" time="0.016" classname="com.project.maven.scientificCalculator.AdvancedCalculatorTest"/>
  <testcase name="testSinhNegative on testSinhNegative(com.project.maven.scientificCalculator.AdvancedCalculatorTest)" time="0.006" classname="com.project.maven.scientificCalculator.AdvancedCalculatorTest"/>
  <testcase name="testPlusMinusositive on testPlusMinusositive(com.project.maven.scientificCalculator.AdvancedCalculatorTest)" time="0.005" classname="com.project.maven.scientificCalculator.AdvancedCalculatorTest"/>
  <testcase name="testSinhZero on testSinhZero(com.project.maven.scientificCalculator.AdvancedCalculatorTest)" time="0.0" classname="com.project.maven.scientificCalculator.AdvancedCalculatorTest"/>
  <testcase name="testPiZero on testPiZero(com.project.maven.scientificCalculator.AdvancedCalculatorTest)" time="0.0" classname="com.project.maven.scientificCalculator.AdvancedCalculatorTest"/>
  <testcase name="testSinZero on testSinZero(com.project.maven.scientificCalculator.AdvancedCalculatorTest)" time="0.0" classname="com.project.maven.scientificCalculator.AdvancedCalculatorTest"/>
  <testcase name="testLogPositive on testLogPositive(com.project.maven.scientificCalculator.AdvancedCalculatorTest)" time="0.01" classname="com.project.maven.scientificCalculator.AdvancedCalculatorTest"/>
  <testcase name="testLogNegative on testLogNegative(com.project.maven.scientificCalculator.AdvancedCalculatorTest)" time="0.004" classname="com.project.maven.scientificCalculator.AdvancedCalculatorTest"/>
  <testcase name="testMulPositive on testMulPositive(com.project.maven.scientificCalculator.BasicCalculatorTest)" time="0.008" classname="com.project.maven.scientificCalculator.BasicCalculatorTest"/>
  <testcase name="testAddZero on testAddZero(com.project.maven.scientificCalculator.BasicCalculatorTest)" time="0.008" classname="com.project.maven.scientificCalculator.BasicCalculatorTest"/>
  <testcase name="testMulNegative on testMulNegative(com.project.maven.scientificCalculator.BasicCalculatorTest)" time="0.007" classname="com.project.maven.scientificCalculator.BasicCalculatorTest"/>
  <testcase name="testDivPositive on testDivPositive(com.project.maven.scientificCalculator.BasicCalculatorTest)" time="0.006" classname="com.project.maven.scientificCalculator.BasicCalculatorTest"/>
  <testcase name="testDivNegative on testDivNegative(com.project.maven.scientificCalculator.BasicCalculatorTest)" time="0.006" classname="com.project.maven.scientificCalculator.BasicCalculatorTest"/>
  <testcase name="testAddPositive on testAddPositive(com.project.maven.scientificCalculator.BasicCalculatorTest)" time="0.006" classname="com.project.maven.scientificCalculator.BasicCalculatorTest"/>
  <testcase name="testAddNegative on testAddNegative(com.project.maven.scientificCalculator.BasicCalculatorTest)" time="0.004" classname="com.project.maven.scientificCalculator.BasicCalculatorTest"/>
  <testcase name="testMulZero on testMulZero(com.project.maven.scientificCalculator.BasicCalculatorTest)" time="0.012" classname="com.project.maven.scientificCalculator.BasicCalculatorTest"/>
  <testcase name="testDivZero on testDivZero(com.project.maven.scientificCalculator.BasicCalculatorTest)" time="0.01" classname="com.project.maven.scientificCalculator.BasicCalculatorTest"/>
  <testcase name="testSubPositive on testSubPositive(com.project.maven.scientificCalculator.BasicCalculatorTest)" time="0.005" classname="com.project.maven.scientificCalculator.BasicCalculatorTest"/>
  <testcase name="testSubNegative on testSubNegative(com.project.maven.scientificCalculator.BasicCalculatorTest)" time="0.005" classname="com.project.maven.scientificCalculator.BasicCalculatorTest"/>
  <testcase name="testSubZero on testSubZero(com.project.maven.scientificCalculator.BasicCalculatorTest)" time="0.03" classname="com.project.maven.scientificCalculator.BasicCalculatorTest"/>
</testsuite> <!-- Surefire test -->
