<?xml version="1.0" encoding="UTF-8"?>
<testsuite name="TestSuite" time="0.265" tests="29" errors="0" skipped="0" failures="0">
  <properties>
[...]
</properties>
  <testcase name="testPlusMinusZero on testPlusMinusZero(com.project.maven.scientificCalculator.AdvancedCalculatorTest)" classname="com.project.maven.scientificCalculator.AdvancedCalculatorTest" time="0.006"/>
  <testcase name="testSinHPositive on testSinHPositive(com.project.maven.scientificCalculator.AdvancedCalculatorTest)" classname="com.project.maven.scientificCalculator.AdvancedCalculatorTest" time="0.029"/>
  <testcase name="testSquareRootZero on testSquareRootZero(com.project.maven.scientificCalculator.AdvancedCalculatorTest)" classname="com.project.maven.scientificCalculator.AdvancedCalculatorTest" time="0.001"/>
  <testcase name="testSquareRootPositive on testSquareRootPositive(com.project.maven.scientificCalculator.AdvancedCalculatorTest)" classname="com.project.maven.scientificCalculator.AdvancedCalculatorTest" time="0.016"/>
  <testcase name="testSquareRootNegative on testSquareRootNegative(com.project.maven.scientificCalculator.AdvancedCalculatorTest)" classname="com.project.maven.scientificCalculator.AdvancedCalculatorTest" time="0.013"/>
  <testcase name="testPiPositive on testPiPositive(com.project.maven.scientificCalculator.AdvancedCalculatorTest)" classname="com.project.maven.scientificCalculator.AdvancedCalculatorTest" time="0.011"/>
  <testcase name="testPiNegative on testPiNegative(com.project.maven.scientificCalculator.AdvancedCalculatorTest)" classname="com.project.maven.scientificCalculator.AdvancedCalculatorTest" time="0.019"/>
  <testcase name="testPlusMinusNegative on testPlusMinusNegative(com.project.maven.scientificCalculator.AdvancedCalculatorTest)" classname="com.project.maven.scientificCalculator.AdvancedCalculatorTest" time="0.009"/>
  <testcase name="testSinPositive on testSinPositive(com.project.maven.scientificCalculator.AdvancedCalculatorTest)" classname="com.project.maven.scientificCalculator.AdvancedCalculatorTest" time="0.015"/>
  <testcase name="testSinNegative on testSinNegative(com.project.maven.scientificCalculator.AdvancedCalculatorTest)" classname="com.project.maven.scientificCalculator.AdvancedCalculatorTest" time="0.016"/>
  <testcase name="testSinhNegative on testSinhNegative(com.project.maven.scientificCalculator.AdvancedCalculatorTest)" classname="com.project.maven.scientificCalculator.AdvancedCalculatorTest" time="0.006"/>
  <testcase name="testPlusMinusositive on testPlusMinusositive(com.project.maven.scientificCalculator.AdvancedCalculatorTest)" classname="com.project.maven.scientificCalculator.AdvancedCalculatorTest" time="0.005"/>
  <testcase name="testSinhZero on testSinhZero(com.project.maven.scientificCalculator.AdvancedCalculatorTest)" classname="com.project.maven.scientificCalculator.AdvancedCalculatorTest" time="0"/>
  <testcase name="testPiZero on testPiZero(com.project.maven.scientificCalculator.AdvancedCalculatorTest)" classname="com.project.maven.scientificCalculator.AdvancedCalculatorTest" time="0"/>
  <testcase name="testSinZero on testSinZero(com.project.maven.scientificCalculator.AdvancedCalculatorTest)" classname="com.project.maven.scientificCalculator.AdvancedCalculatorTest" time="0"/>
  <testcase name="testLogPositive on testLogPositive(com.project.maven.scientificCalculator.AdvancedCalculatorTest)" classname="com.project.maven.scientificCalculator.AdvancedCalculatorTest" time="0.01"/>
  <testcase name="testLogNegative on testLogNegative(com.project.maven.scientificCalculator.AdvancedCalculatorTest)" classname="com.project.maven.scientificCalculator.AdvancedCalculatorTest" time="0.004"/>
  <testcase name="testMulPositive on testMulPositive(com.project.maven.scientificCalculator.BasicCalculatorTest)" classname="com.project.maven.scientificCalculator.BasicCalculatorTest" time="0.008"/>
  <testcase name="testAddZero on testAddZero(com.project.maven.scientificCalculator.BasicCalculatorTest)" classname="com.project.maven.scientificCalculator.BasicCalculatorTest" time="0.008"/>
  <testcase name="testMulNegative on testMulNegative(com.project.maven.scientificCalculator.BasicCalculatorTest)" classname="com.project.maven.scientificCalculator.BasicCalculatorTest" time="0.006"/>
  <testcase name="testDivPositive on testDivPositive(com.project.maven.scientificCalculator.BasicCalculatorTest)" classname="com.project.maven.scientificCalculator.BasicCalculatorTest" time="0.005"/>
  <testcase name="testDivNegative on testDivNegative(com.project.maven.scientificCalculator.BasicCalculatorTest)" classname="com.project.maven.scientificCalculator.BasicCalculatorTest" time="0.006"/>
  <testcase name="testAddPositive on testAddPositive(com.project.maven.scientificCalculator.BasicCalculatorTest)" classname="com.project.maven.scientificCalculator.BasicCalculatorTest" time="0.006"/>
  <testcase name="testAddNegative on testAddNegative(com.project.maven.scientificCalculator.BasicCalculatorTest)" classname="com.project.maven.scientificCalculator.BasicCalculatorTest" time="0.004"/>
  <testcase name="testMulZero on testMulZero(com.project.maven.scientificCalculator.BasicCalculatorTest)" classname="com.project.maven.scientificCalculator.BasicCalculatorTest" time="0.012"/>
  <testcase name="testDivZero on testDivZero(com.project.maven.scientificCalculator.BasicCalculatorTest)" classname="com.project.maven.scientificCalculator.BasicCalculatorTest" time="0.01"/>
  <testcase name="testSubPositive on testSubPositive(com.project.maven.scientificCalculator.BasicCalculatorTest)" classname="com.project.maven.scientificCalculator.BasicCalculatorTest" time="0.005"/>
  <testcase name="testSubNegative on testSubNegative(com.project.maven.scientificCalculator.BasicCalculatorTest)" classname="com.project.maven.scientificCalculator.BasicCalculatorTest" time="0.005"/>
  <testcase name="testSubZero on testSubZero(com.project.maven.scientificCalculator.BasicCalculatorTest)" classname="com.project.maven.scientificCalculator.BasicCalculatorTest" time="0.03"/>
</testsuite>